<?xml version="1.0" encoding="UTF-8"?>
<testsuite xmlns:xsi="http://www.w3.org/2001/XMLSchema-instance" xsi:noNamespaceSchemaLocation="https://maven.apache.org/surefire/maven-surefire-plugin/xsd/surefire-test-report.xsd" version="3.0.2" name="com.vadim.tkach.Gym_Tracker.GymTrackerApplicationTests" time="0.918" tests="1" errors="0" skipped="0" failures="0">
  <properties>
[...]
</properties>
  <testcase name="contextLoads" classname="com.vadim.tkach.Gym_Tracker.GymTrackerApplicationTests" time="0.34">
    <system-out><![CDATA[16:33:17.579 [main] INFO org.springframework.test.context.support.AnnotationConfigContextLoaderUtils -- Could not detect default configuration classes for test class [com.vadim.tkach.Gym_Tracker.GymTrackerApplicationTests]: GymTrackerApplicationTests does not declare any static, non-private, non-final, nested classes annotated with @Configuration.
16:33:17.619 [main] INFO org.springframework.boot.test.context.SpringBootTestContextBootstrapper -- Found @SpringBootConfiguration com.vadim.tkach.Gym_Tracker.GymTrackerApplication for test class com.vadim.tkach.Gym_Tracker.GymTrackerApplicationTests

  .   ____          _            __ _ _
 /\\ / ___'_ __ _ _(_)_ __  __ _ \ \ \ \
( ( )\___ | '_ | '_| | '_ \/ _` | \ \ \ \
 \\/  ___)| |_)| | | | | || (_| |  ) ) ) )
  '  |____| .__|_| |_|_| |_\__, | / / / /
 =========|_|==============|___/=/_/_/_/

 :: Spring Boot ::                (v3.5.0)

2025-06-11T16:33:17.766+02:00  INFO 91225 --- [           main] c.v.t.G.GymTrackerApplicationTests       : Starting GymTrackerApplicationTests using Java 23.0.2 with PID 91225 (started by vadym.tkach in /Users/vadym.tkach/Downloads/Gym_Tracker)
2025-06-11T16:33:17.767+02:00  INFO 91225 --- [           main] c.v.t.G.GymTrackerApplicationTests       : No active profile set, falling back to 1 default profile: "default"
2025-06-11T16:33:18.103+02:00  INFO 91225 --- [           main] c.v.t.G.GymTrackerApplicationTests       : Started GymTrackerApplicationTests in 0.438 seconds (process running for 0.771)
]]></system-out>
    <system-err><![CDATA[Mockito is currently self-attaching to enable the inline-mock-maker. This will no longer work in future releases of the JDK. Please add Mockito as an agent to your build as described in Mockito's documentation: https://javadoc.io/doc/org.mockito/mockito-core/latest/org.mockito/org/mockito/Mockito.html#0.3
WARNING: A Java agent has been loaded dynamically (/Users/vadym.tkach/.m2/repository/net/bytebuddy/byte-buddy-agent/1.17.5/byte-buddy-agent-1.17.5.jar)
WARNING: If a serviceability tool is in use, please run with -XX:+EnableDynamicAgentLoading to hide this warning
WARNING: If a serviceability tool is not in use, please run with -Djdk.instrument.traceUsage for more information
WARNING: Dynamic loading of agents will be disallowed by default in a future release
]]></system-err>
  </testcase>
</testsuite>